<?xml version="1.0" encoding="UTF-8"?>
<testsuites name="Feature Login" time="32.468" tests="3" failures="0" errors="0">
   <testsuite name="Feature Login" tests="3" failures="0" errors="0" time="32.468" skipped="0" timestamp="2022-10-25 20:01:05" hostname="Lucifur - Lucifurrr" id="Test Suites/Feature Login">
      <properties>
         <property name="deviceName" value=""/>
         <property name="devicePlatform" value=""/>
         <property name="logFolder" value="C:\\Users\\Lucifur\\git\\Tim3_KatalonWeb\\Reports\\20221025_200058\\Feature Login\\20221025_200058"/>
         <property name="logFiles" value="C:\\Users\\Lucifur\\git\\Tim3_KatalonWeb\\Reports\\20221025_200058\\Feature Login\\20221025_200058\\execution0.log"/>
         <property name="attachments" value=""/>
         <property name="hostName" value="Lucifur - Lucifurrr"/>
         <property name="os" value="Windows 10 64bit"/>
         <property name="katalonVersion" value="8.5.1.208"/>
         <property name="browser" value="Chrome 106.0.0.0"/>
         <property name="hostAddress" value="192.168.72.2"/>
         <property name="sessionId" value="6945feb685d7de2fd58659b727bb2293"/>
         <property name="seleniumVersion" value="3.141.59"/>
         <property name="proxyInformation" value="ProxyInformation { proxyOption=NO_PROXY, proxyServerType=HTTP, username=, password=********, proxyServerAddress=, proxyServerPort=0, executionList=&quot;&quot;, isApplyToDesiredCapabilities=true }"/>
         <property name="platform" value="Windows 10"/>
      </properties>
      <testcase name="Test Cases/StepDefinition/Feature Login/LOGIN001 - Login with Valid Email and Password" time="11.449" classname="Test Cases/StepDefinition/Feature Login/LOGIN001 - Login with Valid Email and Password" status="PASSED">
         <system-out><![CDATA[2022-10-25 20:01:08 - [TEST_CASE][PASSED] - Test Cases/StepDefinition/Feature Login/LOGIN001 - Login with Valid Email and Password: Test Cases/StepDefinition/Feature Login/LOGIN001 - Login with Valid Email and Password

2022-10-25 20:01:08 - [TEST_STEP][PASSED] - Start listener action : beforeTestCase: Navigate to 'https://deployed-five.vercel.app' successfully

2022-10-25 20:01:08 - [TEST_STEP][PASSED] - logInfo("Test Case: " + testCaseContext.getTestCaseId()): Test Case: Test Cases/StepDefinition/Feature Login/LOGIN001 - Login with Valid Email and Password

2022-10-25 20:01:08 - [MESSAGE][INFO] - Test Case: Test Cases/StepDefinition/Feature Login/LOGIN001 - Login with Valid Email and Password

2022-10-25 20:01:08 - [TEST_STEP][PASSED] - openBrowser(): null

2022-10-25 20:01:08 - [TEST_STEP][PASSED] - openBrowser(""): Browser is opened with url: ''

2022-10-25 20:01:08 - [MESSAGE][WARNING] - A browser is already opened. Closing browser and opening a new one

2022-10-25 20:01:09 - [MESSAGE][INFO] - Starting 'Chrome' driver

2022-10-25 20:01:09 - [MESSAGE][INFO] - Action delay is set to 0 milliseconds

2022-10-25 20:01:10 - [MESSAGE][PASSED] - Browser is opened with url: ''

2022-10-25 20:01:10 - [TEST_STEP][PASSED] - maximizeWindow(): Current window maximized

2022-10-25 20:01:10 - [MESSAGE][PASSED] - Current window maximized

2022-10-25 20:01:10 - [TEST_STEP][PASSED] - navigateToUrl("https://deployed-five.vercel.app"): Navigate to 'https://deployed-five.vercel.app' successfully

2022-10-25 20:01:11 - [MESSAGE][PASSED] - Navigate to 'https://deployed-five.vercel.app' successfully

2022-10-25 20:01:11 - [TEST_STEP][PASSED] - callTestCase(findTestCase("Pages/UserLogin/Click Link Masuk"), [:], STOP_ON_FAILURE): Call Test Case 'Test Cases/Pages/UserLogin/Click Link Masuk' successfully

2022-10-25 20:01:11 - [TEST_CASE][PASSED] - Test Cases/Pages/UserLogin/Click Link Masuk: Test Cases/Pages/UserLogin/Click Link Masuk

2022-10-25 20:01:12 - [TEST_STEP][PASSED] - click(findTestObject("Page_Login/link_Masuk")): Object: 'Object Repository/Page_Login/link_Masuk' is clicked on

2022-10-25 20:01:14 - [MESSAGE][PASSED] - Object: 'Object Repository/Page_Login/link_Masuk' is clicked on

2022-10-25 20:01:14 - [MESSAGE][PASSED] - Call Test Case 'Test Cases/Pages/UserLogin/Click Link Masuk' successfully

2022-10-25 20:01:14 - [TEST_STEP][PASSED] - callTestCase(findTestCase("Pages/UserLogin/Input Username"), ["email":"binarqae1@gmail.com"], STOP_ON_FAILURE): Call Test Case 'Test Cases/Pages/UserLogin/Input Username' successfully

2022-10-25 20:01:14 - [TEST_CASE][PASSED] - Test Cases/Pages/UserLogin/Input Username: Test Cases/Pages/UserLogin/Input Username

2022-10-25 20:01:14 - [TEST_STEP][PASSED] - clearText(findTestObject("Page_Login/input_Email")): Text of object 'Object Repository/Page_Login/input_Email' is cleared

2022-10-25 20:01:15 - [MESSAGE][PASSED] - Text of object 'Object Repository/Page_Login/input_Email' is cleared

2022-10-25 20:01:15 - [TEST_STEP][PASSED] - sendKeys(findTestObject("Page_Login/input_Email"), email): Keys 'binarqae1@gmail.com' sent to object: 'Object Repository/Page_Login/input_Email'

2022-10-25 20:01:15 - [MESSAGE][PASSED] - Keys 'binarqae1@gmail.com' sent to object: 'Object Repository/Page_Login/input_Email'

2022-10-25 20:01:15 - [MESSAGE][PASSED] - Call Test Case 'Test Cases/Pages/UserLogin/Input Username' successfully

2022-10-25 20:01:15 - [TEST_STEP][PASSED] - callTestCase(findTestCase("Pages/UserLogin/Input Password"), ["password":"students1234"], STOP_ON_FAILURE): Call Test Case 'Test Cases/Pages/UserLogin/Input Password' successfully

2022-10-25 20:01:15 - [TEST_CASE][PASSED] - Test Cases/Pages/UserLogin/Input Password: Test Cases/Pages/UserLogin/Input Password

2022-10-25 20:01:15 - [TEST_STEP][PASSED] - clearText(findTestObject("Page_Login/input_Password")): Text of object 'Object Repository/Page_Login/input_Password' is cleared

2022-10-25 20:01:15 - [MESSAGE][PASSED] - Text of object 'Object Repository/Page_Login/input_Password' is cleared

2022-10-25 20:01:15 - [TEST_STEP][PASSED] - sendKeys(findTestObject("Page_Login/input_Password"), password): Keys 'students1234' sent to object: 'Object Repository/Page_Login/input_Password'

2022-10-25 20:01:16 - [MESSAGE][PASSED] - Keys 'students1234' sent to object: 'Object Repository/Page_Login/input_Password'

2022-10-25 20:01:16 - [MESSAGE][PASSED] - Call Test Case 'Test Cases/Pages/UserLogin/Input Password' successfully

2022-10-25 20:01:16 - [TEST_STEP][PASSED] - callTestCase(findTestCase("Pages/UserLogin/Click login button"), [:], STOP_ON_FAILURE): Call Test Case 'Test Cases/Pages/UserLogin/Click login button' successfully

2022-10-25 20:01:16 - [TEST_CASE][PASSED] - Test Cases/Pages/UserLogin/Click login button: Test Cases/Pages/UserLogin/Click login button

2022-10-25 20:01:16 - [TEST_STEP][PASSED] - click(findTestObject("Page_Login/button_Masuk")): Object: 'Object Repository/Page_Login/button_Masuk' is clicked on

2022-10-25 20:01:16 - [MESSAGE][PASSED] - Object: 'Object Repository/Page_Login/button_Masuk' is clicked on

2022-10-25 20:01:16 - [MESSAGE][PASSED] - Call Test Case 'Test Cases/Pages/UserLogin/Click login button' successfully

2022-10-25 20:01:16 - [TEST_STEP][PASSED] - callTestCase(findTestCase("Pages/UserLogin/Verify Content"), [:], STOP_ON_FAILURE): Call Test Case 'Test Cases/Pages/UserLogin/Verify Content' successfully

2022-10-25 20:01:16 - [TEST_CASE][PASSED] - Test Cases/Pages/UserLogin/Verify Content: Test Cases/Pages/UserLogin/Verify Content

2022-10-25 20:01:17 - [TEST_STEP][PASSED] - verifyElementPresent(findTestObject("Page_Logout/menu_Profile"), 0): Object 'Object Repository/Page_Logout/menu_Profile' is present

2022-10-25 20:01:17 - [MESSAGE][WARNING] - Timeout '0' is invalid. Using default page load timeout: '30'

2022-10-25 20:01:18 - [MESSAGE][PASSED] - Object 'Object Repository/Page_Logout/menu_Profile' is present

2022-10-25 20:01:18 - [TEST_STEP][PASSED] - verifyElementPresent(findTestObject("Homepage/image_banner"), 0): Object 'Object Repository/Homepage/image_banner' is present

2022-10-25 20:01:18 - [MESSAGE][WARNING] - Timeout '0' is invalid. Using default page load timeout: '30'

2022-10-25 20:01:19 - [MESSAGE][PASSED] - Object 'Object Repository/Homepage/image_banner' is present

2022-10-25 20:01:19 - [TEST_STEP][PASSED] - verifyElementPresent(findTestObject("Homepage/image_blue logo"), 0): Object 'Object Repository/Homepage/image_blue logo' is present

2022-10-25 20:01:19 - [MESSAGE][WARNING] - Timeout '0' is invalid. Using default page load timeout: '30'

2022-10-25 20:01:19 - [MESSAGE][PASSED] - Object 'Object Repository/Homepage/image_blue logo' is present

2022-10-25 20:01:19 - [TEST_STEP][PASSED] - verifyElementPresent(findTestObject("Page_Add Item/button_Profile_notification"), 0): Object 'Object Repository/Page_Add Item/button_Profile_notification' is present

2022-10-25 20:01:19 - [MESSAGE][WARNING] - Timeout '0' is invalid. Using default page load timeout: '30'

2022-10-25 20:01:19 - [MESSAGE][PASSED] - Object 'Object Repository/Page_Add Item/button_Profile_notification' is present

2022-10-25 20:01:19 - [MESSAGE][PASSED] - Call Test Case 'Test Cases/Pages/UserLogin/Verify Content' successfully

2022-10-25 20:01:19 - [TEST_STEP][PASSED] - Start listener action : afterTestCase: Browser is closed

2022-10-25 20:01:19 - [TEST_STEP][PASSED] - logInfo("Test Case: " + testCaseContext.getTestCaseId()): Test Case: Test Cases/StepDefinition/Feature Login/LOGIN001 - Login with Valid Email and Password

2022-10-25 20:01:19 - [MESSAGE][INFO] - Test Case: Test Cases/StepDefinition/Feature Login/LOGIN001 - Login with Valid Email and Password

2022-10-25 20:01:19 - [TEST_STEP][PASSED] - closeBrowser(): null

2022-10-25 20:01:19 - [TEST_STEP][PASSED] - closeBrowser(): Browser is closed

2022-10-25 20:01:20 - [MESSAGE][PASSED] - Browser is closed]]></system-out>
         <system-err><![CDATA[]]></system-err>
      </testcase>
      <testcase name="Test Cases/StepDefinition/Feature Login/LOGIN002 - Login With invalid Email" time="8.643" classname="Test Cases/StepDefinition/Feature Login/LOGIN002 - Login With invalid Email" status="PASSED">
         <system-out><![CDATA[2022-10-25 20:01:20 - [TEST_CASE][PASSED] - Test Cases/StepDefinition/Feature Login/LOGIN002 - Login With invalid Email: Test Cases/StepDefinition/Feature Login/LOGIN002 - Login With invalid Email

2022-10-25 20:01:20 - [TEST_STEP][PASSED] - Start listener action : beforeTestCase: Navigate to 'https://deployed-five.vercel.app' successfully

2022-10-25 20:01:20 - [TEST_STEP][PASSED] - logInfo("Test Case: " + testCaseContext.getTestCaseId()): Test Case: Test Cases/StepDefinition/Feature Login/LOGIN002 - Login With invalid Email

2022-10-25 20:01:20 - [MESSAGE][INFO] - Test Case: Test Cases/StepDefinition/Feature Login/LOGIN002 - Login With invalid Email

2022-10-25 20:01:20 - [TEST_STEP][PASSED] - openBrowser(): null

2022-10-25 20:01:20 - [TEST_STEP][PASSED] - openBrowser(""): Browser is opened with url: ''

2022-10-25 20:01:20 - [MESSAGE][INFO] - Starting 'Chrome' driver

2022-10-25 20:01:20 - [MESSAGE][INFO] - Action delay is set to 0 milliseconds

2022-10-25 20:01:21 - [MESSAGE][PASSED] - Browser is opened with url: ''

2022-10-25 20:01:21 - [TEST_STEP][PASSED] - maximizeWindow(): Current window maximized

2022-10-25 20:01:21 - [MESSAGE][PASSED] - Current window maximized

2022-10-25 20:01:21 - [TEST_STEP][PASSED] - navigateToUrl("https://deployed-five.vercel.app"): Navigate to 'https://deployed-five.vercel.app' successfully

2022-10-25 20:01:22 - [MESSAGE][PASSED] - Navigate to 'https://deployed-five.vercel.app' successfully

2022-10-25 20:01:22 - [TEST_STEP][PASSED] - callTestCase(findTestCase("Pages/UserLogin/Click Link Masuk"), [:], STOP_ON_FAILURE): Call Test Case 'Test Cases/Pages/UserLogin/Click Link Masuk' successfully

2022-10-25 20:01:22 - [TEST_CASE][PASSED] - Test Cases/Pages/UserLogin/Click Link Masuk: Test Cases/Pages/UserLogin/Click Link Masuk

2022-10-25 20:01:22 - [TEST_STEP][PASSED] - click(findTestObject("Page_Login/link_Masuk")): Object: 'Object Repository/Page_Login/link_Masuk' is clicked on

2022-10-25 20:01:25 - [MESSAGE][PASSED] - Object: 'Object Repository/Page_Login/link_Masuk' is clicked on

2022-10-25 20:01:25 - [MESSAGE][PASSED] - Call Test Case 'Test Cases/Pages/UserLogin/Click Link Masuk' successfully

2022-10-25 20:01:25 - [TEST_STEP][PASSED] - callTestCase(findTestCase("Pages/UserLogin/Input Username"), ["email":"xxx@gmail.com"], STOP_ON_FAILURE): Call Test Case 'Test Cases/Pages/UserLogin/Input Username' successfully

2022-10-25 20:01:25 - [TEST_CASE][PASSED] - Test Cases/Pages/UserLogin/Input Username: Test Cases/Pages/UserLogin/Input Username

2022-10-25 20:01:25 - [TEST_STEP][PASSED] - clearText(findTestObject("Page_Login/input_Email")): Text of object 'Object Repository/Page_Login/input_Email' is cleared

2022-10-25 20:01:25 - [MESSAGE][PASSED] - Text of object 'Object Repository/Page_Login/input_Email' is cleared

2022-10-25 20:01:25 - [TEST_STEP][PASSED] - sendKeys(findTestObject("Page_Login/input_Email"), email): Keys 'xxx@gmail.com' sent to object: 'Object Repository/Page_Login/input_Email'

2022-10-25 20:01:26 - [MESSAGE][PASSED] - Keys 'xxx@gmail.com' sent to object: 'Object Repository/Page_Login/input_Email'

2022-10-25 20:01:26 - [MESSAGE][PASSED] - Call Test Case 'Test Cases/Pages/UserLogin/Input Username' successfully

2022-10-25 20:01:26 - [TEST_STEP][PASSED] - callTestCase(findTestCase("Pages/UserLogin/Input Password"), ["password":"123456"], STOP_ON_FAILURE): Call Test Case 'Test Cases/Pages/UserLogin/Input Password' successfully

2022-10-25 20:01:26 - [TEST_CASE][PASSED] - Test Cases/Pages/UserLogin/Input Password: Test Cases/Pages/UserLogin/Input Password

2022-10-25 20:01:26 - [TEST_STEP][PASSED] - clearText(findTestObject("Page_Login/input_Password")): Text of object 'Object Repository/Page_Login/input_Password' is cleared

2022-10-25 20:01:26 - [MESSAGE][PASSED] - Text of object 'Object Repository/Page_Login/input_Password' is cleared

2022-10-25 20:01:26 - [TEST_STEP][PASSED] - sendKeys(findTestObject("Page_Login/input_Password"), password): Keys '123456' sent to object: 'Object Repository/Page_Login/input_Password'

2022-10-25 20:01:26 - [MESSAGE][PASSED] - Keys '123456' sent to object: 'Object Repository/Page_Login/input_Password'

2022-10-25 20:01:26 - [MESSAGE][PASSED] - Call Test Case 'Test Cases/Pages/UserLogin/Input Password' successfully

2022-10-25 20:01:26 - [TEST_STEP][PASSED] - callTestCase(findTestCase("Pages/UserLogin/Click login button"), [:], STOP_ON_FAILURE): Call Test Case 'Test Cases/Pages/UserLogin/Click login button' successfully

2022-10-25 20:01:26 - [TEST_CASE][PASSED] - Test Cases/Pages/UserLogin/Click login button: Test Cases/Pages/UserLogin/Click login button

2022-10-25 20:01:26 - [TEST_STEP][PASSED] - click(findTestObject("Page_Login/button_Masuk")): Object: 'Object Repository/Page_Login/button_Masuk' is clicked on

2022-10-25 20:01:27 - [MESSAGE][PASSED] - Object: 'Object Repository/Page_Login/button_Masuk' is clicked on

2022-10-25 20:01:27 - [MESSAGE][PASSED] - Call Test Case 'Test Cases/Pages/UserLogin/Click login button' successfully

2022-10-25 20:01:27 - [TEST_STEP][PASSED] - callTestCase(findTestCase("Pages/UserLogin/Verify Error Message"), ["message":"Akun tidak ditemukan"], STOP_ON_FAILURE): Call Test Case 'Test Cases/Pages/UserLogin/Verify Error Message' successfully

2022-10-25 20:01:27 - [TEST_CASE][PASSED] - Test Cases/Pages/UserLogin/Verify Error Message: Test Cases/Pages/UserLogin/Verify Error Message

2022-10-25 20:01:27 - [TEST_STEP][PASSED] - verifyElementText(findTestObject("Page_Login/class_error"), message): Actual text and expected text of test object 'Object Repository/Page_Login/class_error' are matched.

2022-10-25 20:01:28 - [MESSAGE][PASSED] - Actual text and expected text of test object 'Object Repository/Page_Login/class_error' are matched.

2022-10-25 20:01:28 - [MESSAGE][PASSED] - Call Test Case 'Test Cases/Pages/UserLogin/Verify Error Message' successfully

2022-10-25 20:01:28 - [TEST_STEP][PASSED] - Start listener action : afterTestCase: Browser is closed

2022-10-25 20:01:28 - [TEST_STEP][PASSED] - logInfo("Test Case: " + testCaseContext.getTestCaseId()): Test Case: Test Cases/StepDefinition/Feature Login/LOGIN002 - Login With invalid Email

2022-10-25 20:01:28 - [MESSAGE][INFO] - Test Case: Test Cases/StepDefinition/Feature Login/LOGIN002 - Login With invalid Email

2022-10-25 20:01:28 - [TEST_STEP][PASSED] - closeBrowser(): null

2022-10-25 20:01:28 - [TEST_STEP][PASSED] - closeBrowser(): Browser is closed

2022-10-25 20:01:28 - [MESSAGE][PASSED] - Browser is closed]]></system-out>
         <system-err><![CDATA[]]></system-err>
      </testcase>
      <testcase name="Test Cases/StepDefinition/Feature Login/LOGIN003 - Login With invalid Password" time="9.361" classname="Test Cases/StepDefinition/Feature Login/LOGIN003 - Login With invalid Password" status="PASSED">
         <system-out><![CDATA[2022-10-25 20:01:28 - [TEST_CASE][PASSED] - Test Cases/StepDefinition/Feature Login/LOGIN003 - Login With invalid Password: Test Cases/StepDefinition/Feature Login/LOGIN003 - Login With invalid Password

2022-10-25 20:01:28 - [TEST_STEP][PASSED] - Start listener action : beforeTestCase: Navigate to 'https://deployed-five.vercel.app' successfully

2022-10-25 20:01:28 - [TEST_STEP][PASSED] - logInfo("Test Case: " + testCaseContext.getTestCaseId()): Test Case: Test Cases/StepDefinition/Feature Login/LOGIN003 - Login With invalid Password

2022-10-25 20:01:28 - [MESSAGE][INFO] - Test Case: Test Cases/StepDefinition/Feature Login/LOGIN003 - Login With invalid Password

2022-10-25 20:01:28 - [TEST_STEP][PASSED] - openBrowser(): null

2022-10-25 20:01:28 - [TEST_STEP][PASSED] - openBrowser(""): Browser is opened with url: ''

2022-10-25 20:01:28 - [MESSAGE][INFO] - Starting 'Chrome' driver

2022-10-25 20:01:28 - [MESSAGE][INFO] - Action delay is set to 0 milliseconds

2022-10-25 20:01:30 - [MESSAGE][PASSED] - Browser is opened with url: ''

2022-10-25 20:01:30 - [TEST_STEP][PASSED] - maximizeWindow(): Current window maximized

2022-10-25 20:01:30 - [MESSAGE][PASSED] - Current window maximized

2022-10-25 20:01:30 - [TEST_STEP][PASSED] - navigateToUrl("https://deployed-five.vercel.app"): Navigate to 'https://deployed-five.vercel.app' successfully

2022-10-25 20:01:31 - [MESSAGE][PASSED] - Navigate to 'https://deployed-five.vercel.app' successfully

2022-10-25 20:01:31 - [TEST_STEP][PASSED] - callTestCase(findTestCase("Pages/UserLogin/Click Link Masuk"), [:], STOP_ON_FAILURE): Call Test Case 'Test Cases/Pages/UserLogin/Click Link Masuk' successfully

2022-10-25 20:01:31 - [TEST_CASE][PASSED] - Test Cases/Pages/UserLogin/Click Link Masuk: Test Cases/Pages/UserLogin/Click Link Masuk

2022-10-25 20:01:31 - [TEST_STEP][PASSED] - click(findTestObject("Page_Login/link_Masuk")): Object: 'Object Repository/Page_Login/link_Masuk' is clicked on

2022-10-25 20:01:34 - [MESSAGE][PASSED] - Object: 'Object Repository/Page_Login/link_Masuk' is clicked on

2022-10-25 20:01:34 - [MESSAGE][PASSED] - Call Test Case 'Test Cases/Pages/UserLogin/Click Link Masuk' successfully

2022-10-25 20:01:34 - [TEST_STEP][PASSED] - callTestCase(findTestCase("Pages/UserLogin/Input Username"), ["email":"binarqae1@gmail.com"], STOP_ON_FAILURE): Call Test Case 'Test Cases/Pages/UserLogin/Input Username' successfully

2022-10-25 20:01:34 - [TEST_CASE][PASSED] - Test Cases/Pages/UserLogin/Input Username: Test Cases/Pages/UserLogin/Input Username

2022-10-25 20:01:34 - [TEST_STEP][PASSED] - clearText(findTestObject("Page_Login/input_Email")): Text of object 'Object Repository/Page_Login/input_Email' is cleared

2022-10-25 20:01:35 - [MESSAGE][PASSED] - Text of object 'Object Repository/Page_Login/input_Email' is cleared

2022-10-25 20:01:35 - [TEST_STEP][PASSED] - sendKeys(findTestObject("Page_Login/input_Email"), email): Keys 'binarqae1@gmail.com' sent to object: 'Object Repository/Page_Login/input_Email'

2022-10-25 20:01:35 - [MESSAGE][PASSED] - Keys 'binarqae1@gmail.com' sent to object: 'Object Repository/Page_Login/input_Email'

2022-10-25 20:01:35 - [MESSAGE][PASSED] - Call Test Case 'Test Cases/Pages/UserLogin/Input Username' successfully

2022-10-25 20:01:35 - [TEST_STEP][PASSED] - callTestCase(findTestCase("Pages/UserLogin/Input Password"), ["password":"123456"], STOP_ON_FAILURE): Call Test Case 'Test Cases/Pages/UserLogin/Input Password' successfully

2022-10-25 20:01:35 - [TEST_CASE][PASSED] - Test Cases/Pages/UserLogin/Input Password: Test Cases/Pages/UserLogin/Input Password

2022-10-25 20:01:35 - [TEST_STEP][PASSED] - clearText(findTestObject("Page_Login/input_Password")): Text of object 'Object Repository/Page_Login/input_Password' is cleared

2022-10-25 20:01:35 - [MESSAGE][PASSED] - Text of object 'Object Repository/Page_Login/input_Password' is cleared

2022-10-25 20:01:35 - [TEST_STEP][PASSED] - sendKeys(findTestObject("Page_Login/input_Password"), password): Keys '123456' sent to object: 'Object Repository/Page_Login/input_Password'

2022-10-25 20:01:36 - [MESSAGE][PASSED] - Keys '123456' sent to object: 'Object Repository/Page_Login/input_Password'

2022-10-25 20:01:36 - [MESSAGE][PASSED] - Call Test Case 'Test Cases/Pages/UserLogin/Input Password' successfully

2022-10-25 20:01:36 - [TEST_STEP][PASSED] - callTestCase(findTestCase("Pages/UserLogin/Click login button"), [:], STOP_ON_FAILURE): Call Test Case 'Test Cases/Pages/UserLogin/Click login button' successfully

2022-10-25 20:01:36 - [TEST_CASE][PASSED] - Test Cases/Pages/UserLogin/Click login button: Test Cases/Pages/UserLogin/Click login button

2022-10-25 20:01:36 - [TEST_STEP][PASSED] - click(findTestObject("Page_Login/button_Masuk")): Object: 'Object Repository/Page_Login/button_Masuk' is clicked on

2022-10-25 20:01:36 - [MESSAGE][PASSED] - Object: 'Object Repository/Page_Login/button_Masuk' is clicked on

2022-10-25 20:01:36 - [MESSAGE][PASSED] - Call Test Case 'Test Cases/Pages/UserLogin/Click login button' successfully

2022-10-25 20:01:36 - [TEST_STEP][PASSED] - callTestCase(findTestCase("Pages/UserLogin/Verify Error Message"), ["message":"Password anda salah!"], STOP_ON_FAILURE): Call Test Case 'Test Cases/Pages/UserLogin/Verify Error Message' successfully

2022-10-25 20:01:36 - [TEST_CASE][PASSED] - Test Cases/Pages/UserLogin/Verify Error Message: Test Cases/Pages/UserLogin/Verify Error Message

2022-10-25 20:01:36 - [TEST_STEP][PASSED] - verifyElementText(findTestObject("Page_Login/class_error"), message): Actual text and expected text of test object 'Object Repository/Page_Login/class_error' are matched.

2022-10-25 20:01:37 - [MESSAGE][PASSED] - Actual text and expected text of test object 'Object Repository/Page_Login/class_error' are matched.

2022-10-25 20:01:37 - [MESSAGE][PASSED] - Call Test Case 'Test Cases/Pages/UserLogin/Verify Error Message' successfully

2022-10-25 20:01:37 - [TEST_STEP][PASSED] - Start listener action : afterTestCase: Browser is closed

2022-10-25 20:01:37 - [TEST_STEP][PASSED] - logInfo("Test Case: " + testCaseContext.getTestCaseId()): Test Case: Test Cases/StepDefinition/Feature Login/LOGIN003 - Login With invalid Password

2022-10-25 20:01:37 - [MESSAGE][INFO] - Test Case: Test Cases/StepDefinition/Feature Login/LOGIN003 - Login With invalid Password

2022-10-25 20:01:37 - [TEST_STEP][PASSED] - closeBrowser(): null

2022-10-25 20:01:37 - [TEST_STEP][PASSED] - closeBrowser(): Browser is closed

2022-10-25 20:01:38 - [MESSAGE][PASSED] - Browser is closed]]></system-out>
         <system-err><![CDATA[]]></system-err>
      </testcase>
      <system-out><![CDATA[2022-10-25 20:01:05 - [TEST_SUITE][PASSED] - Feature Login: Test Cases/StepDefinition/Feature Login/LOGIN003 - Login With invalid Password]]></system-out>
      <system-err><![CDATA[]]></system-err>
   </testsuite>
</testsuites>
