<?xml version="1.0" encoding="UTF-8"?>
<testsuites name="Feature Sort Category" time="48.143" tests="5" failures="0" errors="0">
   <testsuite name="Feature Sort Category" tests="5" failures="0" errors="0" time="48.143" skipped="0" timestamp="2022-10-25 20:03:04" hostname="Lucifur - Lucifurrr" id="Test Suites/Feature Sort Category">
      <properties>
         <property name="deviceName" value=""/>
         <property name="devicePlatform" value=""/>
         <property name="logFolder" value="C:\\Users\\Lucifur\\git\\Tim3_KatalonWeb\\Reports\\20221025_200257\\Feature Sort Category\\20221025_200257"/>
         <property name="logFiles" value="C:\\Users\\Lucifur\\git\\Tim3_KatalonWeb\\Reports\\20221025_200257\\Feature Sort Category\\20221025_200257\\execution0.log"/>
         <property name="attachments" value=""/>
         <property name="hostName" value="Lucifur - Lucifurrr"/>
         <property name="os" value="Windows 10 64bit"/>
         <property name="katalonVersion" value="8.5.1.208"/>
         <property name="browser" value="Chrome 106.0.0.0"/>
         <property name="hostAddress" value="192.168.72.2"/>
         <property name="sessionId" value="65201d849a322e73c38c1f62b118b869"/>
         <property name="seleniumVersion" value="3.141.59"/>
         <property name="proxyInformation" value="ProxyInformation { proxyOption=NO_PROXY, proxyServerType=HTTP, username=, password=********, proxyServerAddress=, proxyServerPort=0, executionList=&quot;&quot;, isApplyToDesiredCapabilities=true }"/>
         <property name="platform" value="Windows 10"/>
      </properties>
      <testcase name="Test Cases/StepDefinition/Feature Sort Category/SORT001 - category Baju" time="10.41" classname="Test Cases/StepDefinition/Feature Sort Category/SORT001 - category Baju" status="PASSED">
         <system-out><![CDATA[2022-10-25 20:03:07 - [TEST_CASE][PASSED] - Test Cases/StepDefinition/Feature Sort Category/SORT001 - category Baju: Test Cases/StepDefinition/Feature Sort Category/SORT001 - category Baju

2022-10-25 20:03:07 - [TEST_STEP][PASSED] - Start listener action : beforeTestCase: Navigate to 'https://deployed-five.vercel.app' successfully

2022-10-25 20:03:07 - [TEST_STEP][PASSED] - logInfo("Test Case: " + testCaseContext.getTestCaseId()): Test Case: Test Cases/StepDefinition/Feature Sort Category/SORT001 - category Baju

2022-10-25 20:03:07 - [MESSAGE][INFO] - Test Case: Test Cases/StepDefinition/Feature Sort Category/SORT001 - category Baju

2022-10-25 20:03:07 - [TEST_STEP][PASSED] - openBrowser(): null

2022-10-25 20:03:07 - [TEST_STEP][PASSED] - openBrowser(""): Browser is opened with url: ''

2022-10-25 20:03:07 - [MESSAGE][WARNING] - A browser is already opened. Closing browser and opening a new one

2022-10-25 20:03:07 - [MESSAGE][INFO] - Starting 'Chrome' driver

2022-10-25 20:03:07 - [MESSAGE][INFO] - Action delay is set to 0 milliseconds

2022-10-25 20:03:08 - [MESSAGE][PASSED] - Browser is opened with url: ''

2022-10-25 20:03:08 - [TEST_STEP][PASSED] - maximizeWindow(): Current window maximized

2022-10-25 20:03:08 - [MESSAGE][PASSED] - Current window maximized

2022-10-25 20:03:08 - [TEST_STEP][PASSED] - navigateToUrl("https://deployed-five.vercel.app"): Navigate to 'https://deployed-five.vercel.app' successfully

2022-10-25 20:03:09 - [MESSAGE][PASSED] - Navigate to 'https://deployed-five.vercel.app' successfully

2022-10-25 20:03:10 - [TEST_STEP][PASSED] - callTestCase(findTestCase("Pages/Homepage/Click kategori baju"), [:], STOP_ON_FAILURE): Call Test Case 'Test Cases/Pages/Homepage/Click kategori baju' successfully

2022-10-25 20:03:10 - [TEST_CASE][PASSED] - Test Cases/Pages/Homepage/Click kategori baju: Test Cases/Pages/Homepage/Click kategori baju

2022-10-25 20:03:10 - [TEST_STEP][PASSED] - click(findTestObject("Page_Category/button_Baju")): Object: 'Object Repository/Page_Category/button_Baju' is clicked on

2022-10-25 20:03:13 - [MESSAGE][PASSED] - Object: 'Object Repository/Page_Category/button_Baju' is clicked on

2022-10-25 20:03:13 - [MESSAGE][PASSED] - Call Test Case 'Test Cases/Pages/Homepage/Click kategori baju' successfully

2022-10-25 20:03:13 - [TEST_STEP][PASSED] - delay(3): Delayed 3 second(s)

2022-10-25 20:03:16 - [MESSAGE][PASSED] - Delayed 3 second(s)

2022-10-25 20:03:16 - [TEST_STEP][PASSED] - verifyElementText(findTestObject("Homepage/text_product3_category"), "Baju"): Actual text and expected text of test object 'Object Repository/Homepage/text_product3_category' are matched.

2022-10-25 20:03:16 - [MESSAGE][PASSED] - Actual text and expected text of test object 'Object Repository/Homepage/text_product3_category' are matched.

2022-10-25 20:03:16 - [TEST_STEP][PASSED] - Start listener action : afterTestCase: Browser is closed

2022-10-25 20:03:16 - [TEST_STEP][PASSED] - logInfo("Test Case: " + testCaseContext.getTestCaseId()): Test Case: Test Cases/StepDefinition/Feature Sort Category/SORT001 - category Baju

2022-10-25 20:03:16 - [MESSAGE][INFO] - Test Case: Test Cases/StepDefinition/Feature Sort Category/SORT001 - category Baju

2022-10-25 20:03:16 - [TEST_STEP][PASSED] - closeBrowser(): null

2022-10-25 20:03:16 - [TEST_STEP][PASSED] - closeBrowser(): Browser is closed

2022-10-25 20:03:17 - [MESSAGE][PASSED] - Browser is closed]]></system-out>
         <system-err><![CDATA[]]></system-err>
      </testcase>
      <testcase name="Test Cases/StepDefinition/Feature Sort Category/SORT002 - category elektronik" time="8.535" classname="Test Cases/StepDefinition/Feature Sort Category/SORT002 - category elektronik" status="PASSED">
         <system-out><![CDATA[2022-10-25 20:03:17 - [TEST_CASE][PASSED] - Test Cases/StepDefinition/Feature Sort Category/SORT002 - category elektronik: Test Cases/StepDefinition/Feature Sort Category/SORT002 - category elektronik

2022-10-25 20:03:17 - [TEST_STEP][PASSED] - Start listener action : beforeTestCase: Navigate to 'https://deployed-five.vercel.app' successfully

2022-10-25 20:03:17 - [TEST_STEP][PASSED] - logInfo("Test Case: " + testCaseContext.getTestCaseId()): Test Case: Test Cases/StepDefinition/Feature Sort Category/SORT002 - category elektronik

2022-10-25 20:03:17 - [MESSAGE][INFO] - Test Case: Test Cases/StepDefinition/Feature Sort Category/SORT002 - category elektronik

2022-10-25 20:03:17 - [TEST_STEP][PASSED] - openBrowser(): null

2022-10-25 20:03:17 - [TEST_STEP][PASSED] - openBrowser(""): Browser is opened with url: ''

2022-10-25 20:03:17 - [MESSAGE][INFO] - Starting 'Chrome' driver

2022-10-25 20:03:17 - [MESSAGE][INFO] - Action delay is set to 0 milliseconds

2022-10-25 20:03:18 - [MESSAGE][PASSED] - Browser is opened with url: ''

2022-10-25 20:03:18 - [TEST_STEP][PASSED] - maximizeWindow(): Current window maximized

2022-10-25 20:03:18 - [MESSAGE][PASSED] - Current window maximized

2022-10-25 20:03:18 - [TEST_STEP][PASSED] - navigateToUrl("https://deployed-five.vercel.app"): Navigate to 'https://deployed-five.vercel.app' successfully

2022-10-25 20:03:19 - [MESSAGE][PASSED] - Navigate to 'https://deployed-five.vercel.app' successfully

2022-10-25 20:03:19 - [TEST_STEP][PASSED] - callTestCase(findTestCase("Pages/Homepage/Click kategori elektronik"), [:], STOP_ON_FAILURE): Call Test Case 'Test Cases/Pages/Homepage/Click kategori elektronik' successfully

2022-10-25 20:03:19 - [TEST_CASE][PASSED] - Test Cases/Pages/Homepage/Click kategori elektronik: Test Cases/Pages/Homepage/Click kategori elektronik

2022-10-25 20:03:20 - [TEST_STEP][PASSED] - click(findTestObject("Page_Category/button_Elektronik")): Object: 'Object Repository/Page_Category/button_Elektronik' is clicked on

2022-10-25 20:03:22 - [MESSAGE][PASSED] - Object: 'Object Repository/Page_Category/button_Elektronik' is clicked on

2022-10-25 20:03:22 - [MESSAGE][PASSED] - Call Test Case 'Test Cases/Pages/Homepage/Click kategori elektronik' successfully

2022-10-25 20:03:22 - [TEST_STEP][PASSED] - delay(3): Delayed 3 second(s)

2022-10-25 20:03:25 - [MESSAGE][PASSED] - Delayed 3 second(s)

2022-10-25 20:03:25 - [TEST_STEP][PASSED] - verifyElementText(findTestObject("Homepage/text_product3_category"), "Elektronik"): Actual text and expected text of test object 'Object Repository/Homepage/text_product3_category' are matched.

2022-10-25 20:03:25 - [MESSAGE][PASSED] - Actual text and expected text of test object 'Object Repository/Homepage/text_product3_category' are matched.

2022-10-25 20:03:25 - [TEST_STEP][PASSED] - Start listener action : afterTestCase: Browser is closed

2022-10-25 20:03:25 - [TEST_STEP][PASSED] - logInfo("Test Case: " + testCaseContext.getTestCaseId()): Test Case: Test Cases/StepDefinition/Feature Sort Category/SORT002 - category elektronik

2022-10-25 20:03:25 - [MESSAGE][INFO] - Test Case: Test Cases/StepDefinition/Feature Sort Category/SORT002 - category elektronik

2022-10-25 20:03:25 - [TEST_STEP][PASSED] - closeBrowser(): null

2022-10-25 20:03:25 - [TEST_STEP][PASSED] - closeBrowser(): Browser is closed

2022-10-25 20:03:26 - [MESSAGE][PASSED] - Browser is closed]]></system-out>
         <system-err><![CDATA[]]></system-err>
      </testcase>
      <testcase name="Test Cases/StepDefinition/Feature Sort Category/SORT005 - category hobi" time="8.807" classname="Test Cases/StepDefinition/Feature Sort Category/SORT005 - category hobi" status="PASSED">
         <system-out><![CDATA[2022-10-25 20:03:26 - [TEST_CASE][PASSED] - Test Cases/StepDefinition/Feature Sort Category/SORT005 - category hobi: Test Cases/StepDefinition/Feature Sort Category/SORT005 - category hobi

2022-10-25 20:03:26 - [TEST_STEP][PASSED] - Start listener action : beforeTestCase: Navigate to 'https://deployed-five.vercel.app' successfully

2022-10-25 20:03:26 - [TEST_STEP][PASSED] - logInfo("Test Case: " + testCaseContext.getTestCaseId()): Test Case: Test Cases/StepDefinition/Feature Sort Category/SORT005 - category hobi

2022-10-25 20:03:26 - [MESSAGE][INFO] - Test Case: Test Cases/StepDefinition/Feature Sort Category/SORT005 - category hobi

2022-10-25 20:03:26 - [TEST_STEP][PASSED] - openBrowser(): null

2022-10-25 20:03:26 - [TEST_STEP][PASSED] - openBrowser(""): Browser is opened with url: ''

2022-10-25 20:03:26 - [MESSAGE][INFO] - Starting 'Chrome' driver

2022-10-25 20:03:26 - [MESSAGE][INFO] - Action delay is set to 0 milliseconds

2022-10-25 20:03:27 - [MESSAGE][PASSED] - Browser is opened with url: ''

2022-10-25 20:03:27 - [TEST_STEP][PASSED] - maximizeWindow(): Current window maximized

2022-10-25 20:03:27 - [MESSAGE][PASSED] - Current window maximized

2022-10-25 20:03:27 - [TEST_STEP][PASSED] - navigateToUrl("https://deployed-five.vercel.app"): Navigate to 'https://deployed-five.vercel.app' successfully

2022-10-25 20:03:28 - [MESSAGE][PASSED] - Navigate to 'https://deployed-five.vercel.app' successfully

2022-10-25 20:03:28 - [TEST_STEP][PASSED] - callTestCase(findTestCase("Pages/Homepage/Click kategori hobi"), [:], STOP_ON_FAILURE): Call Test Case 'Test Cases/Pages/Homepage/Click kategori hobi' successfully

2022-10-25 20:03:28 - [TEST_CASE][PASSED] - Test Cases/Pages/Homepage/Click kategori hobi: Test Cases/Pages/Homepage/Click kategori hobi

2022-10-25 20:03:28 - [TEST_STEP][PASSED] - click(findTestObject("Page_Category/button_Hoby")): Object: 'Object Repository/Page_Category/button_Hoby' is clicked on

2022-10-25 20:03:30 - [MESSAGE][PASSED] - Object: 'Object Repository/Page_Category/button_Hoby' is clicked on

2022-10-25 20:03:30 - [MESSAGE][PASSED] - Call Test Case 'Test Cases/Pages/Homepage/Click kategori hobi' successfully

2022-10-25 20:03:30 - [TEST_STEP][PASSED] - delay(3): Delayed 3 second(s)

2022-10-25 20:03:33 - [MESSAGE][PASSED] - Delayed 3 second(s)

2022-10-25 20:03:33 - [TEST_STEP][PASSED] - verifyElementText(findTestObject("Homepage/text_product3_category"), "Hoby"): Actual text and expected text of test object 'Object Repository/Homepage/text_product3_category' are matched.

2022-10-25 20:03:34 - [MESSAGE][PASSED] - Actual text and expected text of test object 'Object Repository/Homepage/text_product3_category' are matched.

2022-10-25 20:03:34 - [TEST_STEP][PASSED] - Start listener action : afterTestCase: Browser is closed

2022-10-25 20:03:34 - [TEST_STEP][PASSED] - logInfo("Test Case: " + testCaseContext.getTestCaseId()): Test Case: Test Cases/StepDefinition/Feature Sort Category/SORT005 - category hobi

2022-10-25 20:03:34 - [MESSAGE][INFO] - Test Case: Test Cases/StepDefinition/Feature Sort Category/SORT005 - category hobi

2022-10-25 20:03:34 - [TEST_STEP][PASSED] - closeBrowser(): null

2022-10-25 20:03:34 - [TEST_STEP][PASSED] - closeBrowser(): Browser is closed

2022-10-25 20:03:34 - [MESSAGE][PASSED] - Browser is closed]]></system-out>
         <system-err><![CDATA[]]></system-err>
      </testcase>
      <testcase name="Test Cases/StepDefinition/Feature Sort Category/SORT004 - category kendaraan" time="8.821" classname="Test Cases/StepDefinition/Feature Sort Category/SORT004 - category kendaraan" status="PASSED">
         <system-out><![CDATA[2022-10-25 20:03:34 - [TEST_CASE][PASSED] - Test Cases/StepDefinition/Feature Sort Category/SORT004 - category kendaraan: Test Cases/StepDefinition/Feature Sort Category/SORT004 - category kendaraan

2022-10-25 20:03:34 - [TEST_STEP][PASSED] - Start listener action : beforeTestCase: Navigate to 'https://deployed-five.vercel.app' successfully

2022-10-25 20:03:34 - [TEST_STEP][PASSED] - logInfo("Test Case: " + testCaseContext.getTestCaseId()): Test Case: Test Cases/StepDefinition/Feature Sort Category/SORT004 - category kendaraan

2022-10-25 20:03:34 - [MESSAGE][INFO] - Test Case: Test Cases/StepDefinition/Feature Sort Category/SORT004 - category kendaraan

2022-10-25 20:03:34 - [TEST_STEP][PASSED] - openBrowser(): null

2022-10-25 20:03:34 - [TEST_STEP][PASSED] - openBrowser(""): Browser is opened with url: ''

2022-10-25 20:03:34 - [MESSAGE][INFO] - Starting 'Chrome' driver

2022-10-25 20:03:34 - [MESSAGE][INFO] - Action delay is set to 0 milliseconds

2022-10-25 20:03:35 - [MESSAGE][PASSED] - Browser is opened with url: ''

2022-10-25 20:03:35 - [TEST_STEP][PASSED] - maximizeWindow(): Current window maximized

2022-10-25 20:03:36 - [MESSAGE][PASSED] - Current window maximized

2022-10-25 20:03:36 - [TEST_STEP][PASSED] - navigateToUrl("https://deployed-five.vercel.app"): Navigate to 'https://deployed-five.vercel.app' successfully

2022-10-25 20:03:36 - [MESSAGE][PASSED] - Navigate to 'https://deployed-five.vercel.app' successfully

2022-10-25 20:03:37 - [TEST_STEP][PASSED] - callTestCase(findTestCase("Pages/Homepage/Click kategori kendaraan"), [:], STOP_ON_FAILURE): Call Test Case 'Test Cases/Pages/Homepage/Click kategori kendaraan' successfully

2022-10-25 20:03:37 - [TEST_CASE][PASSED] - Test Cases/Pages/Homepage/Click kategori kendaraan: Test Cases/Pages/Homepage/Click kategori kendaraan

2022-10-25 20:03:37 - [TEST_STEP][PASSED] - click(findTestObject("Page_Category/button_Kendaraan")): Object: 'Object Repository/Page_Category/button_Kendaraan' is clicked on

2022-10-25 20:03:39 - [MESSAGE][PASSED] - Object: 'Object Repository/Page_Category/button_Kendaraan' is clicked on

2022-10-25 20:03:39 - [MESSAGE][PASSED] - Call Test Case 'Test Cases/Pages/Homepage/Click kategori kendaraan' successfully

2022-10-25 20:03:39 - [TEST_STEP][PASSED] - delay(3): Delayed 3 second(s)

2022-10-25 20:03:42 - [MESSAGE][PASSED] - Delayed 3 second(s)

2022-10-25 20:03:42 - [TEST_STEP][PASSED] - verifyElementText(findTestObject("Homepage/text_product3_category"), "Kendaraan"): Actual text and expected text of test object 'Object Repository/Homepage/text_product3_category' are matched.

2022-10-25 20:03:43 - [MESSAGE][PASSED] - Actual text and expected text of test object 'Object Repository/Homepage/text_product3_category' are matched.

2022-10-25 20:03:43 - [TEST_STEP][PASSED] - Start listener action : afterTestCase: Browser is closed

2022-10-25 20:03:43 - [TEST_STEP][PASSED] - logInfo("Test Case: " + testCaseContext.getTestCaseId()): Test Case: Test Cases/StepDefinition/Feature Sort Category/SORT004 - category kendaraan

2022-10-25 20:03:43 - [MESSAGE][INFO] - Test Case: Test Cases/StepDefinition/Feature Sort Category/SORT004 - category kendaraan

2022-10-25 20:03:43 - [TEST_STEP][PASSED] - closeBrowser(): null

2022-10-25 20:03:43 - [TEST_STEP][PASSED] - closeBrowser(): Browser is closed

2022-10-25 20:03:43 - [MESSAGE][PASSED] - Browser is closed]]></system-out>
         <system-err><![CDATA[]]></system-err>
      </testcase>
      <testcase name="Test Cases/StepDefinition/Feature Sort Category/SORT003 - category kesehatan" time="8.544" classname="Test Cases/StepDefinition/Feature Sort Category/SORT003 - category kesehatan" status="PASSED">
         <system-out><![CDATA[2022-10-25 20:03:43 - [TEST_CASE][PASSED] - Test Cases/StepDefinition/Feature Sort Category/SORT003 - category kesehatan: Test Cases/StepDefinition/Feature Sort Category/SORT003 - category kesehatan

2022-10-25 20:03:43 - [TEST_STEP][PASSED] - Start listener action : beforeTestCase: Navigate to 'https://deployed-five.vercel.app' successfully

2022-10-25 20:03:43 - [TEST_STEP][PASSED] - logInfo("Test Case: " + testCaseContext.getTestCaseId()): Test Case: Test Cases/StepDefinition/Feature Sort Category/SORT003 - category kesehatan

2022-10-25 20:03:43 - [MESSAGE][INFO] - Test Case: Test Cases/StepDefinition/Feature Sort Category/SORT003 - category kesehatan

2022-10-25 20:03:43 - [TEST_STEP][PASSED] - openBrowser(): null

2022-10-25 20:03:43 - [TEST_STEP][PASSED] - openBrowser(""): Browser is opened with url: ''

2022-10-25 20:03:43 - [MESSAGE][INFO] - Starting 'Chrome' driver

2022-10-25 20:03:43 - [MESSAGE][INFO] - Action delay is set to 0 milliseconds

2022-10-25 20:03:44 - [MESSAGE][PASSED] - Browser is opened with url: ''

2022-10-25 20:03:44 - [TEST_STEP][PASSED] - maximizeWindow(): Current window maximized

2022-10-25 20:03:44 - [MESSAGE][PASSED] - Current window maximized

2022-10-25 20:03:44 - [TEST_STEP][PASSED] - navigateToUrl("https://deployed-five.vercel.app"): Navigate to 'https://deployed-five.vercel.app' successfully

2022-10-25 20:03:46 - [MESSAGE][PASSED] - Navigate to 'https://deployed-five.vercel.app' successfully

2022-10-25 20:03:46 - [TEST_STEP][PASSED] - callTestCase(findTestCase("Pages/Homepage/Click kategori kesehatan"), [:], STOP_ON_FAILURE): Call Test Case 'Test Cases/Pages/Homepage/Click kategori kesehatan' successfully

2022-10-25 20:03:46 - [TEST_CASE][PASSED] - Test Cases/Pages/Homepage/Click kategori kesehatan: Test Cases/Pages/Homepage/Click kategori kesehatan

2022-10-25 20:03:46 - [TEST_STEP][PASSED] - click(findTestObject("Page_Category/button_Kesehatan")): Object: 'Object Repository/Page_Category/button_Kesehatan' is clicked on

2022-10-25 20:03:48 - [MESSAGE][PASSED] - Object: 'Object Repository/Page_Category/button_Kesehatan' is clicked on

2022-10-25 20:03:48 - [MESSAGE][PASSED] - Call Test Case 'Test Cases/Pages/Homepage/Click kategori kesehatan' successfully

2022-10-25 20:03:48 - [TEST_STEP][PASSED] - delay(3): Delayed 3 second(s)

2022-10-25 20:03:51 - [MESSAGE][PASSED] - Delayed 3 second(s)

2022-10-25 20:03:51 - [TEST_STEP][PASSED] - verifyElementText(findTestObject("Homepage/text_product3_category"), "Kesehatan"): Actual text and expected text of test object 'Object Repository/Homepage/text_product3_category' are matched.

2022-10-25 20:03:51 - [MESSAGE][PASSED] - Actual text and expected text of test object 'Object Repository/Homepage/text_product3_category' are matched.

2022-10-25 20:03:51 - [TEST_STEP][PASSED] - Start listener action : afterTestCase: Browser is closed

2022-10-25 20:03:51 - [TEST_STEP][PASSED] - logInfo("Test Case: " + testCaseContext.getTestCaseId()): Test Case: Test Cases/StepDefinition/Feature Sort Category/SORT003 - category kesehatan

2022-10-25 20:03:51 - [MESSAGE][INFO] - Test Case: Test Cases/StepDefinition/Feature Sort Category/SORT003 - category kesehatan

2022-10-25 20:03:51 - [TEST_STEP][PASSED] - closeBrowser(): null

2022-10-25 20:03:51 - [TEST_STEP][PASSED] - closeBrowser(): Browser is closed

2022-10-25 20:03:52 - [MESSAGE][PASSED] - Browser is closed]]></system-out>
         <system-err><![CDATA[]]></system-err>
      </testcase>
      <system-out><![CDATA[2022-10-25 20:03:04 - [TEST_SUITE][PASSED] - Feature Sort Category: Test Cases/StepDefinition/Feature Sort Category/SORT003 - category kesehatan]]></system-out>
      <system-err><![CDATA[]]></system-err>
   </testsuite>
</testsuites>
